C:\USERS\BENJAMIN\DOCUMENTS\VISUAL STUDIO 2012\PROJECTS\LIBSHORT\SRC\X64\RELEASE\SPRITE_COMPONENT.OBJ
C:\USERS\BENJAMIN\DOCUMENTS\VISUAL STUDIO 2012\PROJECTS\LIBSHORT\SRC\X64\RELEASE\RENDERING_SERVICE.OBJ
C:\USERS\BENJAMIN\DOCUMENTS\VISUAL STUDIO 2012\PROJECTS\LIBSHORT\SRC\X64\RELEASE\MAIN.OBJ
C:\USERS\BENJAMIN\DOCUMENTS\VISUAL STUDIO 2012\PROJECTS\LIBSHORT\SRC\X64\RELEASE\LEVEL.OBJ
C:\USERS\BENJAMIN\DOCUMENTS\VISUAL STUDIO 2012\PROJECTS\LIBSHORT\SRC\X64\RELEASE\INPUT_SERVICE.OBJ
C:\USERS\BENJAMIN\DOCUMENTS\VISUAL STUDIO 2012\PROJECTS\LIBSHORT\SRC\X64\RELEASE\ENTITY.OBJ
C:\USERS\BENJAMIN\DOCUMENTS\VISUAL STUDIO 2012\PROJECTS\LIBSHORT\SRC\X64\RELEASE\COMPONENT_FACTORY.OBJ
C:\USERS\BENJAMIN\DOCUMENTS\VISUAL STUDIO 2012\PROJECTS\LIBSHORT\SRC\X64\RELEASE\COMPONENT.OBJ
C:\Users\BENJAMIN\Documents\Visual Studio 2012\Projects\LibShort\src\x64\Release\component.obj
C:\Users\BENJAMIN\Documents\Visual Studio 2012\Projects\LibShort\src\x64\Release\component_factory.obj
C:\Users\BENJAMIN\Documents\Visual Studio 2012\Projects\LibShort\src\x64\Release\entity.obj
C:\Users\BENJAMIN\Documents\Visual Studio 2012\Projects\LibShort\src\x64\Release\input_service.obj
C:\Users\BENJAMIN\Documents\Visual Studio 2012\Projects\LibShort\src\x64\Release\level.obj
C:\Users\BENJAMIN\Documents\Visual Studio 2012\Projects\LibShort\src\x64\Release\main.obj
C:\Users\BENJAMIN\Documents\Visual Studio 2012\Projects\LibShort\src\x64\Release\rendering_service.obj
C:\Users\BENJAMIN\Documents\Visual Studio 2012\Projects\LibShort\src\x64\Release\sprite_component.obj
C:\Users\BENJAMIN\Documents\Visual Studio 2012\Projects\LibShort\src\x64\Release\cl.command.1.tlog
C:\Users\BENJAMIN\Documents\Visual Studio 2012\Projects\LibShort\src\x64\Release\CL.read.1.tlog
C:\Users\BENJAMIN\Documents\Visual Studio 2012\Projects\LibShort\src\x64\Release\CL.write.1.tlog
C:\Users\BENJAMIN\Documents\Visual Studio 2012\Projects\LibShort\src\x64\Release\vc110.pdb
