Build started 2/20/2013 10:14:08 PM.
     1>Project "C:\Users\BENJAMIN\Documents\Visual Studio 2012\Projects\LibShort\src\LibShort.vcxproj" on node 2 (Build target(s)).
     1>ClCompile:
         C:\Program Files (x86)\Microsoft Visual Studio 11.0\VC\bin\x86_amd64\CL.exe /c /Zi /nologo /W3 /WX- /O2 /Oi /GL /D _MBCS /Gm- /EHsc /MD /GS /Gy /fp:precise /Zc:wchar_t /Zc:forScope /Fo"x64\Release\\" /Fd"x64\Release\vc110.pdb" /Gd /TP /errorReport:prompt engine.cpp loading_service.cpp
         engine.cpp
         loading_service.cpp
       Link:
         C:\Program Files (x86)\Microsoft Visual Studio 11.0\VC\bin\x86_amd64\link.exe /ERRORREPORT:PROMPT /OUT:"C:\Users\BENJAMIN\Documents\Visual Studio 2012\Projects\LibShort\bin\x64\Release\LibShort.exe" /NOLOGO "sfml-audio.lib" "sfml-graphics.lib" "sfml-main.lib" "sfml-network.lib" "sfml-system.lib" "sfml-window.lib" kernel32.lib user32.lib gdi32.lib winspool.lib comdlg32.lib advapi32.lib shell32.lib ole32.lib oleaut32.lib uuid.lib odbc32.lib odbccp32.lib /MANIFEST /MANIFESTUAC:"level='asInvoker' uiAccess='false'" /manifest:embed /DEBUG /PDB:"C:\Users\BENJAMIN\Documents\Visual Studio 2012\Projects\LibShort\bin\x64\Release\LibShort.pdb" /OPT:REF /OPT:ICF /LTCG /TLBID:1 /DYNAMICBASE /NXCOMPAT /IMPLIB:"C:\Users\BENJAMIN\Documents\Visual Studio 2012\Projects\LibShort\bin\x64\Release\LibShort.lib" /MACHINE:X64 x64\Release\component.obj
         x64\Release\component_factory.obj
         x64\Release\engine.obj
         x64\Release\entity.obj
         x64\Release\input_service.obj
         x64\Release\level.obj
         x64\Release\loading_service.obj
         x64\Release\main.obj
         x64\Release\rendering_service.obj
         x64\Release\sprite_component.obj
         Generating code
         Finished generating code
         LibShort.vcxproj -> C:\Users\BENJAMIN\Documents\Visual Studio 2012\Projects\LibShort\bin\x64\Release\LibShort.exe
     1>Done Building Project "C:\Users\BENJAMIN\Documents\Visual Studio 2012\Projects\LibShort\src\LibShort.vcxproj" (Build target(s)).

Build succeeded.

Time Elapsed 00:00:02.66
