Build started 2/20/2013 10:16:56 PM.
     1>Project "C:\Users\BENJAMIN\Documents\Visual Studio 2012\Projects\LibShort\src\LibShort.vcxproj" on node 2 (Build target(s)).
     1>PreBuildEvent:
         echo C:\Users\BENJAMIN\Documents\Visual Studio 2012\Projects\LibShort\src\
         :VCEnd
         C:\Users\BENJAMIN\Documents\Visual Studio 2012\Projects\LibShort\src\
       ClCompile:
         C:\Program Files (x86)\Microsoft Visual Studio 11.0\VC\bin\x86_amd64\CL.exe /c /Zi /nologo /W3 /WX- /Od /D _MBCS /Gm /EHsc /RTC1 /MDd /GS /fp:precise /Zc:wchar_t /Zc:forScope /Fo"x64\Debug\\" /Fd"x64\Debug\vc110.pdb" /Gd /TP /errorReport:prompt component.cpp component_factory.cpp engine.cpp entity.cpp input_service.cpp level.cpp loading_service.cpp main.cpp rendering_service.cpp sprite_component.cpp
         sprite_component.cpp
         rendering_service.cpp
         main.cpp
         loading_service.cpp
         level.cpp
         input_service.cpp
         entity.cpp
         engine.cpp
         component_factory.cpp
         component.cpp
         Generating Code...
       Link:
         C:\Program Files (x86)\Microsoft Visual Studio 11.0\VC\bin\x86_amd64\link.exe /ERRORREPORT:PROMPT /OUT:"C:\Users\BENJAMIN\Documents\Visual Studio 2012\Projects\LibShort\bin\x64\Debug\LibShort.exe" /INCREMENTAL /NOLOGO "sfml-audio-d.lib" "sfml-graphics-d.lib" "sfml-main-d.lib" "sfml-network-d.lib" "sfml-system-d.lib" "sfml-window-d.lib" kernel32.lib user32.lib gdi32.lib winspool.lib comdlg32.lib advapi32.lib shell32.lib ole32.lib oleaut32.lib uuid.lib odbc32.lib odbccp32.lib /MANIFEST /MANIFESTUAC:"level='asInvoker' uiAccess='false'" /manifest:embed /DEBUG /PDB:"C:\Users\BENJAMIN\Documents\Visual Studio 2012\Projects\LibShort\bin\x64\Debug\LibShort.pdb" /TLBID:1 /DYNAMICBASE /NXCOMPAT /IMPLIB:"C:\Users\BENJAMIN\Documents\Visual Studio 2012\Projects\LibShort\bin\x64\Debug\LibShort.lib" /MACHINE:X64 x64\Debug\component.obj
         x64\Debug\component_factory.obj
         x64\Debug\engine.obj
         x64\Debug\entity.obj
         x64\Debug\input_service.obj
         x64\Debug\level.obj
         x64\Debug\loading_service.obj
         x64\Debug\main.obj
         x64\Debug\rendering_service.obj
         x64\Debug\sprite_component.obj
         LibShort.vcxproj -> C:\Users\BENJAMIN\Documents\Visual Studio 2012\Projects\LibShort\bin\x64\Debug\LibShort.exe
     1>Done Building Project "C:\Users\BENJAMIN\Documents\Visual Studio 2012\Projects\LibShort\src\LibShort.vcxproj" (Build target(s)).

Build succeeded.

Time Elapsed 00:00:05.68
