C:\USERS\BENJAMIN\DOCUMENTS\VISUAL STUDIO 2012\PROJECTS\LIBSHORT\SRC\X64\DEBUG\COMPONENT.OBJ
C:\USERS\BENJAMIN\DOCUMENTS\VISUAL STUDIO 2012\PROJECTS\LIBSHORT\SRC\X64\DEBUG\COMPONENT_FACTORY.OBJ
C:\USERS\BENJAMIN\DOCUMENTS\VISUAL STUDIO 2012\PROJECTS\LIBSHORT\SRC\X64\DEBUG\ENGINE.OBJ
C:\USERS\BENJAMIN\DOCUMENTS\VISUAL STUDIO 2012\PROJECTS\LIBSHORT\SRC\X64\DEBUG\ENTITY.OBJ
C:\USERS\BENJAMIN\DOCUMENTS\VISUAL STUDIO 2012\PROJECTS\LIBSHORT\SRC\X64\DEBUG\INPUT_SERVICE.OBJ
C:\USERS\BENJAMIN\DOCUMENTS\VISUAL STUDIO 2012\PROJECTS\LIBSHORT\SRC\X64\DEBUG\LEVEL.OBJ
C:\USERS\BENJAMIN\DOCUMENTS\VISUAL STUDIO 2012\PROJECTS\LIBSHORT\SRC\X64\DEBUG\LOADING_SERVICE.OBJ
C:\USERS\BENJAMIN\DOCUMENTS\VISUAL STUDIO 2012\PROJECTS\LIBSHORT\SRC\X64\DEBUG\MAIN.OBJ
C:\USERS\BENJAMIN\DOCUMENTS\VISUAL STUDIO 2012\PROJECTS\LIBSHORT\SRC\X64\DEBUG\RENDERING_SERVICE.OBJ
C:\USERS\BENJAMIN\DOCUMENTS\VISUAL STUDIO 2012\PROJECTS\LIBSHORT\SRC\X64\DEBUG\SPRITE_COMPONENT.OBJ
C:\USERS\BENJAMIN\DOCUMENTS\VISUAL STUDIO 2012\PROJECTS\LIBSHORT\SRC\X64\DEBUG\VC110.PDB
C:\USERS\BENJAMIN\DOCUMENTS\VISUAL STUDIO 2012\PROJECTS\LIBSHORT\BIN\X64\DEBUG\LIBSHORT.ILK
C:\USERS\BENJAMIN\DOCUMENTS\VISUAL STUDIO 2012\PROJECTS\LIBSHORT\BIN\X64\DEBUG\LIBSHORT.EXE
C:\USERS\BENJAMIN\DOCUMENTS\VISUAL STUDIO 2012\PROJECTS\LIBSHORT\BIN\X64\DEBUG\LIBSHORT.PDB
C:\Users\BENJAMIN\Documents\Visual Studio 2012\Projects\LibShort\src\x64\Debug\component.obj
C:\Users\BENJAMIN\Documents\Visual Studio 2012\Projects\LibShort\src\x64\Debug\component_factory.obj
C:\Users\BENJAMIN\Documents\Visual Studio 2012\Projects\LibShort\src\x64\Debug\engine.obj
C:\Users\BENJAMIN\Documents\Visual Studio 2012\Projects\LibShort\src\x64\Debug\entity.obj
C:\Users\BENJAMIN\Documents\Visual Studio 2012\Projects\LibShort\src\x64\Debug\input_service.obj
C:\Users\BENJAMIN\Documents\Visual Studio 2012\Projects\LibShort\src\x64\Debug\level.obj
C:\Users\BENJAMIN\Documents\Visual Studio 2012\Projects\LibShort\src\x64\Debug\loading_service.obj
C:\Users\BENJAMIN\Documents\Visual Studio 2012\Projects\LibShort\src\x64\Debug\main.obj
C:\Users\BENJAMIN\Documents\Visual Studio 2012\Projects\LibShort\src\x64\Debug\rendering_service.obj
C:\Users\BENJAMIN\Documents\Visual Studio 2012\Projects\LibShort\src\x64\Debug\sprite_component.obj
C:\Users\BENJAMIN\Documents\Visual Studio 2012\Projects\LibShort\src\x64\Debug\cl.command.1.tlog
C:\Users\BENJAMIN\Documents\Visual Studio 2012\Projects\LibShort\src\x64\Debug\CL.read.1.tlog
C:\Users\BENJAMIN\Documents\Visual Studio 2012\Projects\LibShort\src\x64\Debug\CL.write.1.tlog
C:\Users\BENJAMIN\Documents\Visual Studio 2012\Projects\LibShort\src\x64\Debug\link-cvtres.read.1.tlog
C:\Users\BENJAMIN\Documents\Visual Studio 2012\Projects\LibShort\src\x64\Debug\link-cvtres.write.1.tlog
C:\Users\BENJAMIN\Documents\Visual Studio 2012\Projects\LibShort\src\x64\Debug\link-rc.read.1.tlog
C:\Users\BENJAMIN\Documents\Visual Studio 2012\Projects\LibShort\src\x64\Debug\link-rc.write.1.tlog
C:\Users\BENJAMIN\Documents\Visual Studio 2012\Projects\LibShort\src\x64\Debug\link.command.1.tlog
C:\Users\BENJAMIN\Documents\Visual Studio 2012\Projects\LibShort\src\x64\Debug\link.read.1.tlog
C:\Users\BENJAMIN\Documents\Visual Studio 2012\Projects\LibShort\src\x64\Debug\link.write.1.tlog
C:\Users\BENJAMIN\Documents\Visual Studio 2012\Projects\LibShort\src\x64\Debug\vc110.idb
C:\Users\BENJAMIN\Documents\Visual Studio 2012\Projects\LibShort\src\x64\Debug\vc110.pdb
C:\Users\BENJAMIN\Documents\Visual Studio 2012\Projects\LibShort\bin\x64\Debug\LibShort.pdb
C:\Users\BENJAMIN\Documents\Visual Studio 2012\Projects\LibShort\bin\x64\Debug\LibShort.exe
C:\Users\BENJAMIN\Documents\Visual Studio 2012\Projects\LibShort\bin\x64\Debug\LibShort.ilk
